{"total": {"lines":{"total":8902,"covered":4558,"skipped":0,"pct":51.2},"statements":{"total":8902,"covered":4558,"skipped":0,"pct":51.2},"functions":{"total":455,"covered":271,"skipped":0,"pct":59.56},"branches":{"total":911,"covered":585,"skipped":0,"pct":64.21},"branchesTrue":{"total":0,"covered":0,"skipped":0,"pct":100}}
,"C:\\Users\\Arindam Chakraborty\\Lifeseed\\lifeseed-app\\src\\lib\\leads\\create-lead.ts": {"lines":{"total":131,"covered":0,"skipped":0,"pct":0},"functions":{"total":1,"covered":0,"skipped":0,"pct":0},"statements":{"total":131,"covered":0,"skipped":0,"pct":0},"branches":{"total":1,"covered":0,"skipped":0,"pct":0}}
,"C:\\Users\\Arindam Chakraborty\\Lifeseed\\lifeseed-app\\src\\lib\\leads\\lead-assignment.ts": {"lines":{"total":155,"covered":0,"skipped":0,"pct":0},"functions":{"total":1,"covered":0,"skipped":0,"pct":0},"statements":{"total":155,"covered":0,"skipped":0,"pct":0},"branches":{"total":1,"covered":0,"skipped":0,"pct":0}}
,"C:\\Users\\Arindam Chakraborty\\Lifeseed\\lifeseed-app\\src\\lib\\leads\\lead-code-generator.ts": {"lines":{"total":35,"covered":35,"skipped":0,"pct":100},"functions":{"total":3,"covered":3,"skipped":0,"pct":100},"statements":{"total":35,"covered":35,"skipped":0,"pct":100},"branches":{"total":5,"covered":3,"skipped":0,"pct":60}}
,"C:\\Users\\Arindam Chakraborty\\Lifeseed\\lifeseed-app\\src\\lib\\leads\\lead-conversion.ts": {"lines":{"total":319,"covered":0,"skipped":0,"pct":0},"functions":{"total":1,"covered":0,"skipped":0,"pct":0},"statements":{"total":319,"covered":0,"skipped":0,"pct":0},"branches":{"total":1,"covered":0,"skipped":0,"pct":0}}
,"C:\\Users\\Arindam Chakraborty\\Lifeseed\\lifeseed-app\\src\\lib\\leads\\lead-scoring.ts": {"lines":{"total":102,"covered":69,"skipped":0,"pct":67.64},"functions":{"total":9,"covered":7,"skipped":0,"pct":77.77},"statements":{"total":102,"covered":69,"skipped":0,"pct":67.64},"branches":{"total":29,"covered":14,"skipped":0,"pct":48.27}}
,"C:\\Users\\Arindam Chakraborty\\Lifeseed\\lifeseed-app\\src\\lib\\leads\\rate-limit.ts": {"lines":{"total":33,"covered":0,"skipped":0,"pct":0},"functions":{"total":1,"covered":0,"skipped":0,"pct":0},"statements":{"total":33,"covered":0,"skipped":0,"pct":0},"branches":{"total":1,"covered":0,"skipped":0,"pct":0}}
,"C:\\Users\\Arindam Chakraborty\\Lifeseed\\lifeseed-app\\src\\lib\\leads\\adapters\\config-store-adapter.ts": {"lines":{"total":105,"covered":52,"skipped":0,"pct":49.52},"functions":{"total":9,"covered":5,"skipped":0,"pct":55.55},"statements":{"total":105,"covered":52,"skipped":0,"pct":49.52},"branches":{"total":10,"covered":5,"skipped":0,"pct":50}}
,"C:\\Users\\Arindam Chakraborty\\Lifeseed\\lifeseed-app\\src\\lib\\leads\\adapters\\his-conversion-adapter.ts": {"lines":{"total":178,"covered":39,"skipped":0,"pct":21.91},"functions":{"total":10,"covered":3,"skipped":0,"pct":30},"statements":{"total":178,"covered":39,"skipped":0,"pct":21.91},"branches":{"total":15,"covered":11,"skipped":0,"pct":73.33}}
,"C:\\Users\\Arindam Chakraborty\\Lifeseed\\lifeseed-app\\src\\lib\\leads\\adapters\\identity-adapter.ts": {"lines":{"total":38,"covered":0,"skipped":0,"pct":0},"functions":{"total":1,"covered":0,"skipped":0,"pct":0},"statements":{"total":38,"covered":0,"skipped":0,"pct":0},"branches":{"total":1,"covered":0,"skipped":0,"pct":0}}
,"C:\\Users\\Arindam Chakraborty\\Lifeseed\\lifeseed-app\\src\\lib\\leads\\adapters\\in-app-notification-port.ts": {"lines":{"total":14,"covered":0,"skipped":0,"pct":0},"functions":{"total":1,"covered":0,"skipped":0,"pct":0},"statements":{"total":14,"covered":0,"skipped":0,"pct":0},"branches":{"total":1,"covered":0,"skipped":0,"pct":0}}
,"C:\\Users\\Arindam Chakraborty\\Lifeseed\\lifeseed-app\\src\\lib\\leads\\adapters\\lead-access-scope.ts": {"lines":{"total":193,"covered":133,"skipped":0,"pct":68.91},"functions":{"total":10,"covered":8,"skipped":0,"pct":80},"statements":{"total":193,"covered":133,"skipped":0,"pct":68.91},"branches":{"total":73,"covered":54,"skipped":0,"pct":73.97}}
,"C:\\Users\\Arindam Chakraborty\\Lifeseed\\lifeseed-app\\src\\lib\\leads\\adapters\\prisma-audit.ts": {"lines":{"total":30,"covered":6,"skipped":0,"pct":20},"functions":{"total":2,"covered":0,"skipped":0,"pct":0},"statements":{"total":30,"covered":6,"skipped":0,"pct":20},"branches":{"total":0,"covered":0,"skipped":0,"pct":100}}
,"C:\\Users\\Arindam Chakraborty\\Lifeseed\\lifeseed-app\\src\\lib\\leads\\adapters\\prisma-lead-analytics.ts": {"lines":{"total":89,"covered":0,"skipped":0,"pct":0},"functions":{"total":1,"covered":0,"skipped":0,"pct":0},"statements":{"total":89,"covered":0,"skipped":0,"pct":0},"branches":{"total":1,"covered":0,"skipped":0,"pct":0}}
,"C:\\Users\\Arindam Chakraborty\\Lifeseed\\lifeseed-app\\src\\lib\\leads\\adapters\\prisma-lead-code-generator.ts": {"lines":{"total":50,"covered":44,"skipped":0,"pct":88},"functions":{"total":5,"covered":5,"skipped":0,"pct":100},"statements":{"total":50,"covered":44,"skipped":0,"pct":88},"branches":{"total":12,"covered":8,"skipped":0,"pct":66.66}}
,"C:\\Users\\Arindam Chakraborty\\Lifeseed\\lifeseed-app\\src\\lib\\leads\\adapters\\prisma-lead-repository.ts": {"lines":{"total":299,"covered":112,"skipped":0,"pct":37.45},"functions":{"total":24,"covered":5,"skipped":0,"pct":20.83},"statements":{"total":299,"covered":112,"skipped":0,"pct":37.45},"branches":{"total":24,"covered":12,"skipped":0,"pct":50}}
,"C:\\Users\\Arindam Chakraborty\\Lifeseed\\lifeseed-app\\src\\lib\\leads\\adapters\\prisma-outbox.ts": {"lines":{"total":240,"covered":0,"skipped":0,"pct":0},"functions":{"total":1,"covered":0,"skipped":0,"pct":0},"statements":{"total":240,"covered":0,"skipped":0,"pct":0},"branches":{"total":1,"covered":0,"skipped":0,"pct":0}}
,"C:\\Users\\Arindam Chakraborty\\Lifeseed\\lifeseed-app\\src\\lib\\leads\\adapters\\prisma-transition-store.ts": {"lines":{"total":524,"covered":30,"skipped":0,"pct":5.72},"functions":{"total":8,"covered":2,"skipped":0,"pct":25},"statements":{"total":524,"covered":30,"skipped":0,"pct":5.72},"branches":{"total":2,"covered":2,"skipped":0,"pct":100}}
,"C:\\Users\\Arindam Chakraborty\\Lifeseed\\lifeseed-app\\src\\lib\\leads\\adapters\\mappers\\activity-mapper.ts": {"lines":{"total":43,"covered":43,"skipped":0,"pct":100},"functions":{"total":2,"covered":2,"skipped":0,"pct":100},"statements":{"total":43,"covered":43,"skipped":0,"pct":100},"branches":{"total":3,"covered":2,"skipped":0,"pct":66.66}}
,"C:\\Users\\Arindam Chakraborty\\Lifeseed\\lifeseed-app\\src\\lib\\leads\\adapters\\mappers\\assignment-mapper.ts": {"lines":{"total":21,"covered":21,"skipped":0,"pct":100},"functions":{"total":2,"covered":2,"skipped":0,"pct":100},"statements":{"total":21,"covered":21,"skipped":0,"pct":100},"branches":{"total":2,"covered":2,"skipped":0,"pct":100}}
,"C:\\Users\\Arindam Chakraborty\\Lifeseed\\lifeseed-app\\src\\lib\\leads\\adapters\\mappers\\attribution-mapper.ts": {"lines":{"total":85,"covered":85,"skipped":0,"pct":100},"functions":{"total":3,"covered":3,"skipped":0,"pct":100},"statements":{"total":85,"covered":85,"skipped":0,"pct":100},"branches":{"total":3,"covered":3,"skipped":0,"pct":100}}
,"C:\\Users\\Arindam Chakraborty\\Lifeseed\\lifeseed-app\\src\\lib\\leads\\adapters\\mappers\\campaign-mapper.ts": {"lines":{"total":29,"covered":29,"skipped":0,"pct":100},"functions":{"total":2,"covered":2,"skipped":0,"pct":100},"statements":{"total":29,"covered":29,"skipped":0,"pct":100},"branches":{"total":2,"covered":2,"skipped":0,"pct":100}}
,"C:\\Users\\Arindam Chakraborty\\Lifeseed\\lifeseed-app\\src\\lib\\leads\\adapters\\mappers\\comparable.ts": {"lines":{"total":21,"covered":21,"skipped":0,"pct":100},"functions":{"total":1,"covered":1,"skipped":0,"pct":100},"statements":{"total":21,"covered":21,"skipped":0,"pct":100},"branches":{"total":17,"covered":17,"skipped":0,"pct":100}}
,"C:\\Users\\Arindam Chakraborty\\Lifeseed\\lifeseed-app\\src\\lib\\leads\\adapters\\mappers\\config-mapper.ts": {"lines":{"total":24,"covered":24,"skipped":0,"pct":100},"functions":{"total":2,"covered":2,"skipped":0,"pct":100},"statements":{"total":24,"covered":24,"skipped":0,"pct":100},"branches":{"total":2,"covered":2,"skipped":0,"pct":100}}
,"C:\\Users\\Arindam Chakraborty\\Lifeseed\\lifeseed-app\\src\\lib\\leads\\adapters\\mappers\\conversion-mapper.ts": {"lines":{"total":19,"covered":19,"skipped":0,"pct":100},"functions":{"total":2,"covered":2,"skipped":0,"pct":100},"statements":{"total":19,"covered":19,"skipped":0,"pct":100},"branches":{"total":2,"covered":2,"skipped":0,"pct":100}}
,"C:\\Users\\Arindam Chakraborty\\Lifeseed\\lifeseed-app\\src\\lib\\leads\\adapters\\mappers\\counselling-booking-mapper.ts": {"lines":{"total":42,"covered":42,"skipped":0,"pct":100},"functions":{"total":2,"covered":2,"skipped":0,"pct":100},"statements":{"total":42,"covered":42,"skipped":0,"pct":100},"branches":{"total":2,"covered":2,"skipped":0,"pct":100}}
,"C:\\Users\\Arindam Chakraborty\\Lifeseed\\lifeseed-app\\src\\lib\\leads\\adapters\\mappers\\counselling-outcome-mapper.ts": {"lines":{"total":22,"covered":22,"skipped":0,"pct":100},"functions":{"total":2,"covered":2,"skipped":0,"pct":100},"statements":{"total":22,"covered":22,"skipped":0,"pct":100},"branches":{"total":2,"covered":2,"skipped":0,"pct":100}}
,"C:\\Users\\Arindam Chakraborty\\Lifeseed\\lifeseed-app\\src\\lib\\leads\\adapters\\mappers\\counselling-session-mapper.ts": {"lines":{"total":23,"covered":23,"skipped":0,"pct":100},"functions":{"total":2,"covered":2,"skipped":0,"pct":100},"statements":{"total":23,"covered":23,"skipped":0,"pct":100},"branches":{"total":2,"covered":2,"skipped":0,"pct":100}}
,"C:\\Users\\Arindam Chakraborty\\Lifeseed\\lifeseed-app\\src\\lib\\leads\\adapters\\mappers\\dnc-mapper.ts": {"lines":{"total":39,"covered":39,"skipped":0,"pct":100},"functions":{"total":3,"covered":3,"skipped":0,"pct":100},"statements":{"total":39,"covered":39,"skipped":0,"pct":100},"branches":{"total":3,"covered":3,"skipped":0,"pct":100}}
,"C:\\Users\\Arindam Chakraborty\\Lifeseed\\lifeseed-app\\src\\lib\\leads\\adapters\\mappers\\duplicate-case-mapper.ts": {"lines":{"total":24,"covered":24,"skipped":0,"pct":100},"functions":{"total":2,"covered":2,"skipped":0,"pct":100},"statements":{"total":24,"covered":24,"skipped":0,"pct":100},"branches":{"total":2,"covered":2,"skipped":0,"pct":100}}
,"C:\\Users\\Arindam Chakraborty\\Lifeseed\\lifeseed-app\\src\\lib\\leads\\adapters\\mappers\\follow-up-mapper.ts": {"lines":{"total":26,"covered":26,"skipped":0,"pct":100},"functions":{"total":2,"covered":2,"skipped":0,"pct":100},"statements":{"total":26,"covered":26,"skipped":0,"pct":100},"branches":{"total":2,"covered":2,"skipped":0,"pct":100}}
,"C:\\Users\\Arindam Chakraborty\\Lifeseed\\lifeseed-app\\src\\lib\\leads\\adapters\\mappers\\index.ts": {"lines":{"total":34,"covered":0,"skipped":0,"pct":0},"functions":{"total":1,"covered":0,"skipped":0,"pct":0},"statements":{"total":34,"covered":0,"skipped":0,"pct":0},"branches":{"total":1,"covered":0,"skipped":0,"pct":0}}
,"C:\\Users\\Arindam Chakraborty\\Lifeseed\\lifeseed-app\\src\\lib\\leads\\adapters\\mappers\\json.ts": {"lines":{"total":13,"covered":11,"skipped":0,"pct":84.61},"functions":{"total":3,"covered":3,"skipped":0,"pct":100},"statements":{"total":13,"covered":11,"skipped":0,"pct":84.61},"branches":{"total":6,"covered":4,"skipped":0,"pct":66.66}}
,"C:\\Users\\Arindam Chakraborty\\Lifeseed\\lifeseed-app\\src\\lib\\leads\\adapters\\mappers\\lead-mapper.ts": {"lines":{"total":115,"covered":115,"skipped":0,"pct":100},"functions":{"total":2,"covered":2,"skipped":0,"pct":100},"statements":{"total":115,"covered":115,"skipped":0,"pct":100},"branches":{"total":16,"covered":7,"skipped":0,"pct":43.75}}
,"C:\\Users\\Arindam Chakraborty\\Lifeseed\\lifeseed-app\\src\\lib\\leads\\adapters\\mappers\\merge-mapper.ts": {"lines":{"total":19,"covered":19,"skipped":0,"pct":100},"functions":{"total":2,"covered":2,"skipped":0,"pct":100},"statements":{"total":19,"covered":19,"skipped":0,"pct":100},"branches":{"total":2,"covered":2,"skipped":0,"pct":100}}
,"C:\\Users\\Arindam Chakraborty\\Lifeseed\\lifeseed-app\\src\\lib\\leads\\adapters\\mappers\\notification-delivery-log-mapper.ts": {"lines":{"total":27,"covered":27,"skipped":0,"pct":100},"functions":{"total":2,"covered":2,"skipped":0,"pct":100},"statements":{"total":27,"covered":27,"skipped":0,"pct":100},"branches":{"total":2,"covered":2,"skipped":0,"pct":100}}
,"C:\\Users\\Arindam Chakraborty\\Lifeseed\\lifeseed-app\\src\\lib\\leads\\adapters\\mappers\\notification-template-mapper.ts": {"lines":{"total":27,"covered":27,"skipped":0,"pct":100},"functions":{"total":2,"covered":2,"skipped":0,"pct":100},"statements":{"total":27,"covered":27,"skipped":0,"pct":100},"branches":{"total":2,"covered":2,"skipped":0,"pct":100}}
,"C:\\Users\\Arindam Chakraborty\\Lifeseed\\lifeseed-app\\src\\lib\\leads\\adapters\\mappers\\outbox-event-mapper.ts": {"lines":{"total":25,"covered":25,"skipped":0,"pct":100},"functions":{"total":2,"covered":2,"skipped":0,"pct":100},"statements":{"total":25,"covered":25,"skipped":0,"pct":100},"branches":{"total":2,"covered":2,"skipped":0,"pct":100}}
,"C:\\Users\\Arindam Chakraborty\\Lifeseed\\lifeseed-app\\src\\lib\\leads\\adapters\\mappers\\score-mapper.ts": {"lines":{"total":21,"covered":21,"skipped":0,"pct":100},"functions":{"total":2,"covered":2,"skipped":0,"pct":100},"statements":{"total":21,"covered":21,"skipped":0,"pct":100},"branches":{"total":2,"covered":2,"skipped":0,"pct":100}}
,"C:\\Users\\Arindam Chakraborty\\Lifeseed\\lifeseed-app\\src\\lib\\leads\\adapters\\mappers\\status-history-mapper.ts": {"lines":{"total":21,"covered":21,"skipped":0,"pct":100},"functions":{"total":2,"covered":2,"skipped":0,"pct":100},"statements":{"total":21,"covered":21,"skipped":0,"pct":100},"branches":{"total":3,"covered":2,"skipped":0,"pct":66.66}}
,"C:\\Users\\Arindam Chakraborty\\Lifeseed\\lifeseed-app\\src\\lib\\leads\\adapters\\notification\\in-app-adapter.ts": {"lines":{"total":24,"covered":4,"skipped":0,"pct":16.66},"functions":{"total":2,"covered":0,"skipped":0,"pct":0},"statements":{"total":24,"covered":4,"skipped":0,"pct":16.66},"branches":{"total":0,"covered":0,"skipped":0,"pct":100}}
,"C:\\Users\\Arindam Chakraborty\\Lifeseed\\lifeseed-app\\src\\lib\\leads\\adapters\\notification\\meta-whatsapp-adapter.ts": {"lines":{"total":13,"covered":3,"skipped":0,"pct":23.07},"functions":{"total":1,"covered":0,"skipped":0,"pct":0},"statements":{"total":13,"covered":3,"skipped":0,"pct":23.07},"branches":{"total":0,"covered":0,"skipped":0,"pct":100}}
,"C:\\Users\\Arindam Chakraborty\\Lifeseed\\lifeseed-app\\src\\lib\\leads\\adapters\\notification\\notification-port.ts": {"lines":{"total":132,"covered":83,"skipped":0,"pct":62.87},"functions":{"total":6,"covered":5,"skipped":0,"pct":83.33},"statements":{"total":132,"covered":83,"skipped":0,"pct":62.87},"branches":{"total":16,"covered":10,"skipped":0,"pct":62.5}}
,"C:\\Users\\Arindam Chakraborty\\Lifeseed\\lifeseed-app\\src\\lib\\leads\\adapters\\notification\\resend-email-adapter.ts": {"lines":{"total":13,"covered":3,"skipped":0,"pct":23.07},"functions":{"total":1,"covered":0,"skipped":0,"pct":0},"statements":{"total":13,"covered":3,"skipped":0,"pct":23.07},"branches":{"total":0,"covered":0,"skipped":0,"pct":100}}
,"C:\\Users\\Arindam Chakraborty\\Lifeseed\\lifeseed-app\\src\\lib\\leads\\adapters\\notification\\sms-magic-adapter.ts": {"lines":{"total":13,"covered":3,"skipped":0,"pct":23.07},"functions":{"total":1,"covered":0,"skipped":0,"pct":0},"statements":{"total":13,"covered":3,"skipped":0,"pct":23.07},"branches":{"total":0,"covered":0,"skipped":0,"pct":100}}
,"C:\\Users\\Arindam Chakraborty\\Lifeseed\\lifeseed-app\\src\\lib\\leads\\adapters\\notification\\types.ts": {"lines":{"total":7,"covered":0,"skipped":0,"pct":0},"functions":{"total":1,"covered":0,"skipped":0,"pct":0},"statements":{"total":7,"covered":0,"skipped":0,"pct":0},"branches":{"total":1,"covered":0,"skipped":0,"pct":0}}
,"C:\\Users\\Arindam Chakraborty\\Lifeseed\\lifeseed-app\\src\\lib\\leads\\application\\__apply-transition.ts": {"lines":{"total":81,"covered":48,"skipped":0,"pct":59.25},"functions":{"total":3,"covered":1,"skipped":0,"pct":33.33},"statements":{"total":81,"covered":48,"skipped":0,"pct":59.25},"branches":{"total":11,"covered":4,"skipped":0,"pct":36.36}}
,"C:\\Users\\Arindam Chakraborty\\Lifeseed\\lifeseed-app\\src\\lib\\leads\\application\\activity.ts": {"lines":{"total":45,"covered":12,"skipped":0,"pct":26.66},"functions":{"total":4,"covered":2,"skipped":0,"pct":50},"statements":{"total":45,"covered":12,"skipped":0,"pct":26.66},"branches":{"total":7,"covered":5,"skipped":0,"pct":71.42}}
,"C:\\Users\\Arindam Chakraborty\\Lifeseed\\lifeseed-app\\src\\lib\\leads\\application\\apply-lead-event.ts": {"lines":{"total":37,"covered":5,"skipped":0,"pct":13.51},"functions":{"total":1,"covered":0,"skipped":0,"pct":0},"statements":{"total":37,"covered":5,"skipped":0,"pct":13.51},"branches":{"total":0,"covered":0,"skipped":0,"pct":100}}
,"C:\\Users\\Arindam Chakraborty\\Lifeseed\\lifeseed-app\\src\\lib\\leads\\application\\archive.ts": {"lines":{"total":1,"covered":0,"skipped":0,"pct":0},"functions":{"total":1,"covered":0,"skipped":0,"pct":0},"statements":{"total":1,"covered":0,"skipped":0,"pct":0},"branches":{"total":1,"covered":0,"skipped":0,"pct":0}}
,"C:\\Users\\Arindam Chakraborty\\Lifeseed\\lifeseed-app\\src\\lib\\leads\\application\\assign.ts": {"lines":{"total":1,"covered":0,"skipped":0,"pct":0},"functions":{"total":1,"covered":0,"skipped":0,"pct":0},"statements":{"total":1,"covered":0,"skipped":0,"pct":0},"branches":{"total":1,"covered":0,"skipped":0,"pct":0}}
,"C:\\Users\\Arindam Chakraborty\\Lifeseed\\lifeseed-app\\src\\lib\\leads\\application\\audit-adapter.ts": {"lines":{"total":13,"covered":4,"skipped":0,"pct":30.76},"functions":{"total":1,"covered":0,"skipped":0,"pct":0},"statements":{"total":13,"covered":4,"skipped":0,"pct":30.76},"branches":{"total":0,"covered":0,"skipped":0,"pct":100}}
,"C:\\Users\\Arindam Chakraborty\\Lifeseed\\lifeseed-app\\src\\lib\\leads\\application\\auto-transitions.ts": {"lines":{"total":74,"covered":73,"skipped":0,"pct":98.64},"functions":{"total":3,"covered":3,"skipped":0,"pct":100},"statements":{"total":74,"covered":73,"skipped":0,"pct":98.64},"branches":{"total":5,"covered":3,"skipped":0,"pct":60}}
,"C:\\Users\\Arindam Chakraborty\\Lifeseed\\lifeseed-app\\src\\lib\\leads\\application\\backfill-lead-conversions.ts": {"lines":{"total":54,"covered":45,"skipped":0,"pct":83.33},"functions":{"total":2,"covered":2,"skipped":0,"pct":100},"statements":{"total":54,"covered":45,"skipped":0,"pct":83.33},"branches":{"total":11,"covered":5,"skipped":0,"pct":45.45}}
,"C:\\Users\\Arindam Chakraborty\\Lifeseed\\lifeseed-app\\src\\lib\\leads\\application\\commands.ts": {"lines":{"total":158,"covered":2,"skipped":0,"pct":1.26},"functions":{"total":13,"covered":0,"skipped":0,"pct":0},"statements":{"total":158,"covered":2,"skipped":0,"pct":1.26},"branches":{"total":0,"covered":0,"skipped":0,"pct":100}}
,"C:\\Users\\Arindam Chakraborty\\Lifeseed\\lifeseed-app\\src\\lib\\leads\\application\\config-store.ts": {"lines":{"total":162,"covered":125,"skipped":0,"pct":77.16},"functions":{"total":6,"covered":4,"skipped":0,"pct":66.66},"statements":{"total":162,"covered":125,"skipped":0,"pct":77.16},"branches":{"total":21,"covered":13,"skipped":0,"pct":61.9}}
,"C:\\Users\\Arindam Chakraborty\\Lifeseed\\lifeseed-app\\src\\lib\\leads\\application\\convert-http.ts": {"lines":{"total":134,"covered":0,"skipped":0,"pct":0},"functions":{"total":1,"covered":0,"skipped":0,"pct":0},"statements":{"total":134,"covered":0,"skipped":0,"pct":0},"branches":{"total":1,"covered":0,"skipped":0,"pct":0}}
,"C:\\Users\\Arindam Chakraborty\\Lifeseed\\lifeseed-app\\src\\lib\\leads\\application\\convert.ts": {"lines":{"total":259,"covered":187,"skipped":0,"pct":72.2},"functions":{"total":9,"covered":5,"skipped":0,"pct":55.55},"statements":{"total":259,"covered":187,"skipped":0,"pct":72.2},"branches":{"total":51,"covered":39,"skipped":0,"pct":76.47}}
,"C:\\Users\\Arindam Chakraborty\\Lifeseed\\lifeseed-app\\src\\lib\\leads\\application\\counselling.ts": {"lines":{"total":1,"covered":0,"skipped":0,"pct":0},"functions":{"total":1,"covered":0,"skipped":0,"pct":0},"statements":{"total":1,"covered":0,"skipped":0,"pct":0},"branches":{"total":1,"covered":0,"skipped":0,"pct":0}}
,"C:\\Users\\Arindam Chakraborty\\Lifeseed\\lifeseed-app\\src\\lib\\leads\\application\\dnc.ts": {"lines":{"total":242,"covered":65,"skipped":0,"pct":26.85},"functions":{"total":14,"covered":7,"skipped":0,"pct":50},"statements":{"total":242,"covered":65,"skipped":0,"pct":26.85},"branches":{"total":31,"covered":18,"skipped":0,"pct":58.06}}
,"C:\\Users\\Arindam Chakraborty\\Lifeseed\\lifeseed-app\\src\\lib\\leads\\application\\expire.ts": {"lines":{"total":1,"covered":0,"skipped":0,"pct":0},"functions":{"total":1,"covered":0,"skipped":0,"pct":0},"statements":{"total":1,"covered":0,"skipped":0,"pct":0},"branches":{"total":1,"covered":0,"skipped":0,"pct":0}}
,"C:\\Users\\Arindam Chakraborty\\Lifeseed\\lifeseed-app\\src\\lib\\leads\\application\\feature-flag.ts": {"lines":{"total":49,"covered":47,"skipped":0,"pct":95.91},"functions":{"total":7,"covered":6,"skipped":0,"pct":85.71},"statements":{"total":49,"covered":47,"skipped":0,"pct":95.91},"branches":{"total":23,"covered":19,"skipped":0,"pct":82.6}}
,"C:\\Users\\Arindam Chakraborty\\Lifeseed\\lifeseed-app\\src\\lib\\leads\\application\\follow-up-http.ts": {"lines":{"total":32,"covered":0,"skipped":0,"pct":0},"functions":{"total":1,"covered":0,"skipped":0,"pct":0},"statements":{"total":32,"covered":0,"skipped":0,"pct":0},"branches":{"total":1,"covered":0,"skipped":0,"pct":0}}
,"C:\\Users\\Arindam Chakraborty\\Lifeseed\\lifeseed-app\\src\\lib\\leads\\application\\follow-up.ts": {"lines":{"total":646,"covered":283,"skipped":0,"pct":43.8},"functions":{"total":31,"covered":14,"skipped":0,"pct":45.16},"statements":{"total":646,"covered":283,"skipped":0,"pct":43.8},"branches":{"total":61,"covered":36,"skipped":0,"pct":59.01}}
,"C:\\Users\\Arindam Chakraborty\\Lifeseed\\lifeseed-app\\src\\lib\\leads\\application\\funnel-status-groups.ts": {"lines":{"total":21,"covered":21,"skipped":0,"pct":100},"functions":{"total":1,"covered":1,"skipped":0,"pct":100},"statements":{"total":21,"covered":21,"skipped":0,"pct":100},"branches":{"total":2,"covered":2,"skipped":0,"pct":100}}
,"C:\\Users\\Arindam Chakraborty\\Lifeseed\\lifeseed-app\\src\\lib\\leads\\application\\guard-facts.ts": {"lines":{"total":62,"covered":61,"skipped":0,"pct":98.38},"functions":{"total":4,"covered":4,"skipped":0,"pct":100},"statements":{"total":62,"covered":61,"skipped":0,"pct":98.38},"branches":{"total":13,"covered":5,"skipped":0,"pct":38.46}}
,"C:\\Users\\Arindam Chakraborty\\Lifeseed\\lifeseed-app\\src\\lib\\leads\\application\\http.ts": {"lines":{"total":132,"covered":0,"skipped":0,"pct":0},"functions":{"total":1,"covered":0,"skipped":0,"pct":0},"statements":{"total":132,"covered":0,"skipped":0,"pct":0},"branches":{"total":1,"covered":0,"skipped":0,"pct":0}}
,"C:\\Users\\Arindam Chakraborty\\Lifeseed\\lifeseed-app\\src\\lib\\leads\\application\\intake.ts": {"lines":{"total":70,"covered":0,"skipped":0,"pct":0},"functions":{"total":1,"covered":0,"skipped":0,"pct":0},"statements":{"total":70,"covered":0,"skipped":0,"pct":0},"branches":{"total":1,"covered":0,"skipped":0,"pct":0}}
,"C:\\Users\\Arindam Chakraborty\\Lifeseed\\lifeseed-app\\src\\lib\\leads\\application\\merge.ts": {"lines":{"total":1,"covered":0,"skipped":0,"pct":0},"functions":{"total":1,"covered":0,"skipped":0,"pct":0},"statements":{"total":1,"covered":0,"skipped":0,"pct":0},"branches":{"total":1,"covered":0,"skipped":0,"pct":0}}
,"C:\\Users\\Arindam Chakraborty\\Lifeseed\\lifeseed-app\\src\\lib\\leads\\application\\migrate-dnc-to-v2.ts": {"lines":{"total":58,"covered":58,"skipped":0,"pct":100},"functions":{"total":1,"covered":1,"skipped":0,"pct":100},"statements":{"total":58,"covered":58,"skipped":0,"pct":100},"branches":{"total":10,"covered":7,"skipped":0,"pct":70}}
,"C:\\Users\\Arindam Chakraborty\\Lifeseed\\lifeseed-app\\src\\lib\\leads\\application\\outbox-dispatcher.ts": {"lines":{"total":105,"covered":94,"skipped":0,"pct":89.52},"functions":{"total":5,"covered":5,"skipped":0,"pct":100},"statements":{"total":105,"covered":94,"skipped":0,"pct":89.52},"branches":{"total":23,"covered":16,"skipped":0,"pct":69.56}}
,"C:\\Users\\Arindam Chakraborty\\Lifeseed\\lifeseed-app\\src\\lib\\leads\\application\\outbox-types.ts": {"lines":{"total":24,"covered":24,"skipped":0,"pct":100},"functions":{"total":3,"covered":3,"skipped":0,"pct":100},"statements":{"total":24,"covered":24,"skipped":0,"pct":100},"branches":{"total":4,"covered":3,"skipped":0,"pct":75}}
,"C:\\Users\\Arindam Chakraborty\\Lifeseed\\lifeseed-app\\src\\lib\\leads\\application\\qualify.ts": {"lines":{"total":44,"covered":0,"skipped":0,"pct":0},"functions":{"total":1,"covered":0,"skipped":0,"pct":0},"statements":{"total":44,"covered":0,"skipped":0,"pct":0},"branches":{"total":1,"covered":0,"skipped":0,"pct":0}}
,"C:\\Users\\Arindam Chakraborty\\Lifeseed\\lifeseed-app\\src\\lib\\leads\\application\\reactivate.ts": {"lines":{"total":1,"covered":0,"skipped":0,"pct":0},"functions":{"total":1,"covered":0,"skipped":0,"pct":0},"statements":{"total":1,"covered":0,"skipped":0,"pct":0},"branches":{"total":1,"covered":0,"skipped":0,"pct":0}}
,"C:\\Users\\Arindam Chakraborty\\Lifeseed\\lifeseed-app\\src\\lib\\leads\\application\\runtime.ts": {"lines":{"total":2,"covered":0,"skipped":0,"pct":0},"functions":{"total":1,"covered":0,"skipped":0,"pct":0},"statements":{"total":2,"covered":0,"skipped":0,"pct":0},"branches":{"total":1,"covered":0,"skipped":0,"pct":0}}
,"C:\\Users\\Arindam Chakraborty\\Lifeseed\\lifeseed-app\\src\\lib\\leads\\application\\seed-lead-config-defaults.ts": {"lines":{"total":70,"covered":51,"skipped":0,"pct":72.85},"functions":{"total":2,"covered":2,"skipped":0,"pct":100},"statements":{"total":70,"covered":51,"skipped":0,"pct":72.85},"branches":{"total":8,"covered":4,"skipped":0,"pct":50}}
,"C:\\Users\\Arindam Chakraborty\\Lifeseed\\lifeseed-app\\src\\lib\\leads\\application\\serialize-lead.ts": {"lines":{"total":15,"covered":15,"skipped":0,"pct":100},"functions":{"total":1,"covered":1,"skipped":0,"pct":100},"statements":{"total":15,"covered":15,"skipped":0,"pct":100},"branches":{"total":2,"covered":1,"skipped":0,"pct":50}}
,"C:\\Users\\Arindam Chakraborty\\Lifeseed\\lifeseed-app\\src\\lib\\leads\\application\\consumers\\analytics-consumer.ts": {"lines":{"total":33,"covered":24,"skipped":0,"pct":72.72},"functions":{"total":7,"covered":6,"skipped":0,"pct":85.71},"statements":{"total":33,"covered":24,"skipped":0,"pct":72.72},"branches":{"total":7,"covered":6,"skipped":0,"pct":85.71}}
,"C:\\Users\\Arindam Chakraborty\\Lifeseed\\lifeseed-app\\src\\lib\\leads\\application\\consumers\\crm-consumer.ts": {"lines":{"total":61,"covered":28,"skipped":0,"pct":45.9},"functions":{"total":3,"covered":1,"skipped":0,"pct":33.33},"statements":{"total":61,"covered":28,"skipped":0,"pct":45.9},"branches":{"total":17,"covered":17,"skipped":0,"pct":100}}
,"C:\\Users\\Arindam Chakraborty\\Lifeseed\\lifeseed-app\\src\\lib\\leads\\application\\consumers\\index.ts": {"lines":{"total":12,"covered":0,"skipped":0,"pct":0},"functions":{"total":1,"covered":0,"skipped":0,"pct":0},"statements":{"total":12,"covered":0,"skipped":0,"pct":0},"branches":{"total":1,"covered":0,"skipped":0,"pct":0}}
,"C:\\Users\\Arindam Chakraborty\\Lifeseed\\lifeseed-app\\src\\lib\\leads\\application\\consumers\\notification-consumer.ts": {"lines":{"total":44,"covered":42,"skipped":0,"pct":95.45},"functions":{"total":4,"covered":4,"skipped":0,"pct":100},"statements":{"total":44,"covered":42,"skipped":0,"pct":95.45},"branches":{"total":7,"covered":6,"skipped":0,"pct":85.71}}
,"C:\\Users\\Arindam Chakraborty\\Lifeseed\\lifeseed-app\\src\\lib\\leads\\application\\testing\\in-memory-transition-store.ts": {"lines":{"total":74,"covered":69,"skipped":0,"pct":93.24},"functions":{"total":4,"covered":4,"skipped":0,"pct":100},"statements":{"total":74,"covered":69,"skipped":0,"pct":93.24},"branches":{"total":26,"covered":20,"skipped":0,"pct":76.92}}
,"C:\\Users\\Arindam Chakraborty\\Lifeseed\\lifeseed-app\\src\\lib\\leads\\config\\defaults.ts": {"lines":{"total":130,"covered":130,"skipped":0,"pct":100},"functions":{"total":0,"covered":0,"skipped":0,"pct":100},"statements":{"total":130,"covered":130,"skipped":0,"pct":100},"branches":{"total":0,"covered":0,"skipped":0,"pct":100}}
,"C:\\Users\\Arindam Chakraborty\\Lifeseed\\lifeseed-app\\src\\lib\\leads\\config\\flag.ts": {"lines":{"total":8,"covered":8,"skipped":0,"pct":100},"functions":{"total":1,"covered":1,"skipped":0,"pct":100},"statements":{"total":8,"covered":8,"skipped":0,"pct":100},"branches":{"total":3,"covered":2,"skipped":0,"pct":66.66}}
,"C:\\Users\\Arindam Chakraborty\\Lifeseed\\lifeseed-app\\src\\lib\\leads\\config\\keys.ts": {"lines":{"total":44,"covered":42,"skipped":0,"pct":95.45},"functions":{"total":2,"covered":1,"skipped":0,"pct":50},"statements":{"total":44,"covered":42,"skipped":0,"pct":95.45},"branches":{"total":1,"covered":1,"skipped":0,"pct":100}}
,"C:\\Users\\Arindam Chakraborty\\Lifeseed\\lifeseed-app\\src\\lib\\leads\\config\\ownership.ts": {"lines":{"total":8,"covered":0,"skipped":0,"pct":0},"functions":{"total":1,"covered":0,"skipped":0,"pct":0},"statements":{"total":8,"covered":0,"skipped":0,"pct":0},"branches":{"total":1,"covered":0,"skipped":0,"pct":0}}
,"C:\\Users\\Arindam Chakraborty\\Lifeseed\\lifeseed-app\\src\\lib\\leads\\config\\schemas.ts": {"lines":{"total":110,"covered":110,"skipped":0,"pct":100},"functions":{"total":1,"covered":1,"skipped":0,"pct":100},"statements":{"total":110,"covered":110,"skipped":0,"pct":100},"branches":{"total":1,"covered":1,"skipped":0,"pct":100}}
,"C:\\Users\\Arindam Chakraborty\\Lifeseed\\lifeseed-app\\src\\lib\\leads\\domain\\errors.ts": {"lines":{"total":62,"covered":62,"skipped":0,"pct":100},"functions":{"total":10,"covered":10,"skipped":0,"pct":100},"statements":{"total":62,"covered":62,"skipped":0,"pct":100},"branches":{"total":10,"covered":10,"skipped":0,"pct":100}}
,"C:\\Users\\Arindam Chakraborty\\Lifeseed\\lifeseed-app\\src\\lib\\leads\\domain\\index.ts": {"lines":{"total":42,"covered":0,"skipped":0,"pct":0},"functions":{"total":1,"covered":0,"skipped":0,"pct":0},"statements":{"total":42,"covered":0,"skipped":0,"pct":0},"branches":{"total":1,"covered":0,"skipped":0,"pct":0}}
,"C:\\Users\\Arindam Chakraborty\\Lifeseed\\lifeseed-app\\src\\lib\\leads\\domain\\entities\\CallRecord.ts": {"lines":{"total":14,"covered":0,"skipped":0,"pct":0},"functions":{"total":1,"covered":0,"skipped":0,"pct":0},"statements":{"total":14,"covered":0,"skipped":0,"pct":0},"branches":{"total":1,"covered":0,"skipped":0,"pct":0}}
,"C:\\Users\\Arindam Chakraborty\\Lifeseed\\lifeseed-app\\src\\lib\\leads\\domain\\entities\\Campaign.ts": {"lines":{"total":23,"covered":0,"skipped":0,"pct":0},"functions":{"total":1,"covered":0,"skipped":0,"pct":0},"statements":{"total":23,"covered":0,"skipped":0,"pct":0},"branches":{"total":1,"covered":0,"skipped":0,"pct":0}}
,"C:\\Users\\Arindam Chakraborty\\Lifeseed\\lifeseed-app\\src\\lib\\leads\\domain\\entities\\CounsellingBooking.ts": {"lines":{"total":18,"covered":0,"skipped":0,"pct":0},"functions":{"total":1,"covered":0,"skipped":0,"pct":0},"statements":{"total":18,"covered":0,"skipped":0,"pct":0},"branches":{"total":1,"covered":0,"skipped":0,"pct":0}}
,"C:\\Users\\Arindam Chakraborty\\Lifeseed\\lifeseed-app\\src\\lib\\leads\\domain\\entities\\CounsellingOutcome.ts": {"lines":{"total":13,"covered":0,"skipped":0,"pct":0},"functions":{"total":1,"covered":0,"skipped":0,"pct":0},"statements":{"total":13,"covered":0,"skipped":0,"pct":0},"branches":{"total":1,"covered":0,"skipped":0,"pct":0}}
,"C:\\Users\\Arindam Chakraborty\\Lifeseed\\lifeseed-app\\src\\lib\\leads\\domain\\entities\\CounsellingSession.ts": {"lines":{"total":14,"covered":0,"skipped":0,"pct":0},"functions":{"total":1,"covered":0,"skipped":0,"pct":0},"statements":{"total":14,"covered":0,"skipped":0,"pct":0},"branches":{"total":1,"covered":0,"skipped":0,"pct":0}}
,"C:\\Users\\Arindam Chakraborty\\Lifeseed\\lifeseed-app\\src\\lib\\leads\\domain\\entities\\DuplicateCase.ts": {"lines":{"total":18,"covered":0,"skipped":0,"pct":0},"functions":{"total":1,"covered":0,"skipped":0,"pct":0},"statements":{"total":18,"covered":0,"skipped":0,"pct":0},"branches":{"total":1,"covered":0,"skipped":0,"pct":0}}
,"C:\\Users\\Arindam Chakraborty\\Lifeseed\\lifeseed-app\\src\\lib\\leads\\domain\\entities\\Lead.ts": {"lines":{"total":50,"covered":24,"skipped":0,"pct":48},"functions":{"total":9,"covered":6,"skipped":0,"pct":66.66},"statements":{"total":50,"covered":24,"skipped":0,"pct":48},"branches":{"total":7,"covered":6,"skipped":0,"pct":85.71}}
,"C:\\Users\\Arindam Chakraborty\\Lifeseed\\lifeseed-app\\src\\lib\\leads\\domain\\entities\\LeadActivity.ts": {"lines":{"total":20,"covered":0,"skipped":0,"pct":0},"functions":{"total":1,"covered":0,"skipped":0,"pct":0},"statements":{"total":20,"covered":0,"skipped":0,"pct":0},"branches":{"total":1,"covered":0,"skipped":0,"pct":0}}
,"C:\\Users\\Arindam Chakraborty\\Lifeseed\\lifeseed-app\\src\\lib\\leads\\domain\\entities\\LeadAssignment.ts": {"lines":{"total":15,"covered":0,"skipped":0,"pct":0},"functions":{"total":1,"covered":0,"skipped":0,"pct":0},"statements":{"total":15,"covered":0,"skipped":0,"pct":0},"branches":{"total":1,"covered":0,"skipped":0,"pct":0}}
,"C:\\Users\\Arindam Chakraborty\\Lifeseed\\lifeseed-app\\src\\lib\\leads\\domain\\entities\\LeadAttribution.ts": {"lines":{"total":10,"covered":0,"skipped":0,"pct":0},"functions":{"total":1,"covered":0,"skipped":0,"pct":0},"statements":{"total":10,"covered":0,"skipped":0,"pct":0},"branches":{"total":1,"covered":0,"skipped":0,"pct":0}}
,"C:\\Users\\Arindam Chakraborty\\Lifeseed\\lifeseed-app\\src\\lib\\leads\\domain\\entities\\LeadConfig.ts": {"lines":{"total":16,"covered":0,"skipped":0,"pct":0},"functions":{"total":1,"covered":0,"skipped":0,"pct":0},"statements":{"total":16,"covered":0,"skipped":0,"pct":0},"branches":{"total":1,"covered":0,"skipped":0,"pct":0}}
,"C:\\Users\\Arindam Chakraborty\\Lifeseed\\lifeseed-app\\src\\lib\\leads\\domain\\entities\\LeadConversion.ts": {"lines":{"total":13,"covered":0,"skipped":0,"pct":0},"functions":{"total":1,"covered":0,"skipped":0,"pct":0},"statements":{"total":13,"covered":0,"skipped":0,"pct":0},"branches":{"total":1,"covered":0,"skipped":0,"pct":0}}
,"C:\\Users\\Arindam Chakraborty\\Lifeseed\\lifeseed-app\\src\\lib\\leads\\domain\\entities\\LeadDoNotCall.ts": {"lines":{"total":24,"covered":0,"skipped":0,"pct":0},"functions":{"total":1,"covered":0,"skipped":0,"pct":0},"statements":{"total":24,"covered":0,"skipped":0,"pct":0},"branches":{"total":1,"covered":0,"skipped":0,"pct":0}}
,"C:\\Users\\Arindam Chakraborty\\Lifeseed\\lifeseed-app\\src\\lib\\leads\\domain\\entities\\LeadFollowUp.ts": {"lines":{"total":21,"covered":0,"skipped":0,"pct":0},"functions":{"total":1,"covered":0,"skipped":0,"pct":0},"statements":{"total":21,"covered":0,"skipped":0,"pct":0},"branches":{"total":1,"covered":0,"skipped":0,"pct":0}}
,"C:\\Users\\Arindam Chakraborty\\Lifeseed\\lifeseed-app\\src\\lib\\leads\\domain\\entities\\LeadMerge.ts": {"lines":{"total":14,"covered":0,"skipped":0,"pct":0},"functions":{"total":1,"covered":0,"skipped":0,"pct":0},"statements":{"total":14,"covered":0,"skipped":0,"pct":0},"branches":{"total":1,"covered":0,"skipped":0,"pct":0}}
,"C:\\Users\\Arindam Chakraborty\\Lifeseed\\lifeseed-app\\src\\lib\\leads\\domain\\entities\\LeadOutboxEvent.ts": {"lines":{"total":19,"covered":0,"skipped":0,"pct":0},"functions":{"total":1,"covered":0,"skipped":0,"pct":0},"statements":{"total":19,"covered":0,"skipped":0,"pct":0},"branches":{"total":1,"covered":0,"skipped":0,"pct":0}}
,"C:\\Users\\Arindam Chakraborty\\Lifeseed\\lifeseed-app\\src\\lib\\leads\\domain\\entities\\LeadScore.ts": {"lines":{"total":15,"covered":0,"skipped":0,"pct":0},"functions":{"total":1,"covered":0,"skipped":0,"pct":0},"statements":{"total":15,"covered":0,"skipped":0,"pct":0},"branches":{"total":1,"covered":0,"skipped":0,"pct":0}}
,"C:\\Users\\Arindam Chakraborty\\Lifeseed\\lifeseed-app\\src\\lib\\leads\\domain\\entities\\LeadStatusHistory.ts": {"lines":{"total":16,"covered":0,"skipped":0,"pct":0},"functions":{"total":1,"covered":0,"skipped":0,"pct":0},"statements":{"total":16,"covered":0,"skipped":0,"pct":0},"branches":{"total":1,"covered":0,"skipped":0,"pct":0}}
,"C:\\Users\\Arindam Chakraborty\\Lifeseed\\lifeseed-app\\src\\lib\\leads\\domain\\entities\\NotificationDeliveryLog.ts": {"lines":{"total":18,"covered":0,"skipped":0,"pct":0},"functions":{"total":1,"covered":0,"skipped":0,"pct":0},"statements":{"total":18,"covered":0,"skipped":0,"pct":0},"branches":{"total":1,"covered":0,"skipped":0,"pct":0}}
,"C:\\Users\\Arindam Chakraborty\\Lifeseed\\lifeseed-app\\src\\lib\\leads\\domain\\entities\\NotificationTemplate.ts": {"lines":{"total":18,"covered":0,"skipped":0,"pct":0},"functions":{"total":1,"covered":0,"skipped":0,"pct":0},"statements":{"total":18,"covered":0,"skipped":0,"pct":0},"branches":{"total":1,"covered":0,"skipped":0,"pct":0}}
,"C:\\Users\\Arindam Chakraborty\\Lifeseed\\lifeseed-app\\src\\lib\\leads\\domain\\enums\\index.ts": {"lines":{"total":258,"covered":258,"skipped":0,"pct":100},"functions":{"total":0,"covered":0,"skipped":0,"pct":100},"statements":{"total":258,"covered":258,"skipped":0,"pct":100},"branches":{"total":0,"covered":0,"skipped":0,"pct":100}}
,"C:\\Users\\Arindam Chakraborty\\Lifeseed\\lifeseed-app\\src\\lib\\leads\\domain\\events\\index.ts": {"lines":{"total":74,"covered":53,"skipped":0,"pct":71.62},"functions":{"total":17,"covered":0,"skipped":0,"pct":0},"statements":{"total":74,"covered":53,"skipped":0,"pct":71.62},"branches":{"total":0,"covered":0,"skipped":0,"pct":100}}
,"C:\\Users\\Arindam Chakraborty\\Lifeseed\\lifeseed-app\\src\\lib\\leads\\domain\\ports\\AssignmentDirectory.ts": {"lines":{"total":11,"covered":0,"skipped":0,"pct":0},"functions":{"total":1,"covered":0,"skipped":0,"pct":0},"statements":{"total":11,"covered":0,"skipped":0,"pct":0},"branches":{"total":1,"covered":0,"skipped":0,"pct":0}}
,"C:\\Users\\Arindam Chakraborty\\Lifeseed\\lifeseed-app\\src\\lib\\leads\\domain\\ports\\AuditPort.ts": {"lines":{"total":12,"covered":0,"skipped":0,"pct":0},"functions":{"total":1,"covered":0,"skipped":0,"pct":0},"statements":{"total":12,"covered":0,"skipped":0,"pct":0},"branches":{"total":1,"covered":0,"skipped":0,"pct":0}}
,"C:\\Users\\Arindam Chakraborty\\Lifeseed\\lifeseed-app\\src\\lib\\leads\\domain\\ports\\CampaignPort.ts": {"lines":{"total":8,"covered":0,"skipped":0,"pct":0},"functions":{"total":1,"covered":0,"skipped":0,"pct":0},"statements":{"total":8,"covered":0,"skipped":0,"pct":0},"branches":{"total":1,"covered":0,"skipped":0,"pct":0}}
,"C:\\Users\\Arindam Chakraborty\\Lifeseed\\lifeseed-app\\src\\lib\\leads\\domain\\ports\\Clock.ts": {"lines":{"total":1,"covered":0,"skipped":0,"pct":0},"functions":{"total":1,"covered":0,"skipped":0,"pct":0},"statements":{"total":1,"covered":0,"skipped":0,"pct":0},"branches":{"total":1,"covered":0,"skipped":0,"pct":0}}
,"C:\\Users\\Arindam Chakraborty\\Lifeseed\\lifeseed-app\\src\\lib\\leads\\domain\\ports\\ConfigPort.ts": {"lines":{"total":10,"covered":0,"skipped":0,"pct":0},"functions":{"total":1,"covered":0,"skipped":0,"pct":0},"statements":{"total":10,"covered":0,"skipped":0,"pct":0},"branches":{"total":1,"covered":0,"skipped":0,"pct":0}}
,"C:\\Users\\Arindam Chakraborty\\Lifeseed\\lifeseed-app\\src\\lib\\leads\\domain\\ports\\ConversionPort.ts": {"lines":{"total":32,"covered":0,"skipped":0,"pct":0},"functions":{"total":1,"covered":0,"skipped":0,"pct":0},"statements":{"total":32,"covered":0,"skipped":0,"pct":0},"branches":{"total":1,"covered":0,"skipped":0,"pct":0}}
,"C:\\Users\\Arindam Chakraborty\\Lifeseed\\lifeseed-app\\src\\lib\\leads\\domain\\ports\\CrmPort.ts": {"lines":{"total":13,"covered":0,"skipped":0,"pct":0},"functions":{"total":1,"covered":0,"skipped":0,"pct":0},"statements":{"total":13,"covered":0,"skipped":0,"pct":0},"branches":{"total":1,"covered":0,"skipped":0,"pct":0}}
,"C:\\Users\\Arindam Chakraborty\\Lifeseed\\lifeseed-app\\src\\lib\\leads\\domain\\ports\\IdGenerator.ts": {"lines":{"total":1,"covered":0,"skipped":0,"pct":0},"functions":{"total":1,"covered":0,"skipped":0,"pct":0},"statements":{"total":1,"covered":0,"skipped":0,"pct":0},"branches":{"total":1,"covered":0,"skipped":0,"pct":0}}
,"C:\\Users\\Arindam Chakraborty\\Lifeseed\\lifeseed-app\\src\\lib\\leads\\domain\\ports\\IdentityPort.ts": {"lines":{"total":6,"covered":0,"skipped":0,"pct":0},"functions":{"total":1,"covered":0,"skipped":0,"pct":0},"statements":{"total":6,"covered":0,"skipped":0,"pct":0},"branches":{"total":1,"covered":0,"skipped":0,"pct":0}}
,"C:\\Users\\Arindam Chakraborty\\Lifeseed\\lifeseed-app\\src\\lib\\leads\\domain\\ports\\LeadRepository.ts": {"lines":{"total":49,"covered":0,"skipped":0,"pct":0},"functions":{"total":1,"covered":0,"skipped":0,"pct":0},"statements":{"total":49,"covered":0,"skipped":0,"pct":0},"branches":{"total":1,"covered":0,"skipped":0,"pct":0}}
,"C:\\Users\\Arindam Chakraborty\\Lifeseed\\lifeseed-app\\src\\lib\\leads\\domain\\ports\\NotificationPort.ts": {"lines":{"total":20,"covered":0,"skipped":0,"pct":0},"functions":{"total":1,"covered":0,"skipped":0,"pct":0},"statements":{"total":20,"covered":0,"skipped":0,"pct":0},"branches":{"total":1,"covered":0,"skipped":0,"pct":0}}
,"C:\\Users\\Arindam Chakraborty\\Lifeseed\\lifeseed-app\\src\\lib\\leads\\domain\\ports\\SlaPort.ts": {"lines":{"total":11,"covered":0,"skipped":0,"pct":0},"functions":{"total":1,"covered":0,"skipped":0,"pct":0},"statements":{"total":11,"covered":0,"skipped":0,"pct":0},"branches":{"total":1,"covered":0,"skipped":0,"pct":0}}
,"C:\\Users\\Arindam Chakraborty\\Lifeseed\\lifeseed-app\\src\\lib\\leads\\domain\\ports\\shared.ts": {"lines":{"total":13,"covered":0,"skipped":0,"pct":0},"functions":{"total":1,"covered":0,"skipped":0,"pct":0},"statements":{"total":13,"covered":0,"skipped":0,"pct":0},"branches":{"total":1,"covered":0,"skipped":0,"pct":0}}
,"C:\\Users\\Arindam Chakraborty\\Lifeseed\\lifeseed-app\\src\\lib\\leads\\domain\\state-machine\\events.ts": {"lines":{"total":36,"covered":0,"skipped":0,"pct":0},"functions":{"total":1,"covered":0,"skipped":0,"pct":0},"statements":{"total":36,"covered":0,"skipped":0,"pct":0},"branches":{"total":1,"covered":0,"skipped":0,"pct":0}}
,"C:\\Users\\Arindam Chakraborty\\Lifeseed\\lifeseed-app\\src\\lib\\leads\\domain\\state-machine\\guards.ts": {"lines":{"total":198,"covered":166,"skipped":0,"pct":83.83},"functions":{"total":41,"covered":41,"skipped":0,"pct":100},"statements":{"total":198,"covered":166,"skipped":0,"pct":83.83},"branches":{"total":77,"covered":52,"skipped":0,"pct":67.53}}
,"C:\\Users\\Arindam Chakraborty\\Lifeseed\\lifeseed-app\\src\\lib\\leads\\domain\\state-machine\\index.ts": {"lines":{"total":5,"covered":0,"skipped":0,"pct":0},"functions":{"total":1,"covered":0,"skipped":0,"pct":0},"statements":{"total":5,"covered":0,"skipped":0,"pct":0},"branches":{"total":1,"covered":0,"skipped":0,"pct":0}}
,"C:\\Users\\Arindam Chakraborty\\Lifeseed\\lifeseed-app\\src\\lib\\leads\\domain\\state-machine\\invariants.ts": {"lines":{"total":115,"covered":95,"skipped":0,"pct":82.6},"functions":{"total":9,"covered":6,"skipped":0,"pct":66.66},"statements":{"total":115,"covered":95,"skipped":0,"pct":82.6},"branches":{"total":30,"covered":29,"skipped":0,"pct":96.66}}
,"C:\\Users\\Arindam Chakraborty\\Lifeseed\\lifeseed-app\\src\\lib\\leads\\domain\\state-machine\\transitions.ts": {"lines":{"total":891,"covered":842,"skipped":0,"pct":94.5},"functions":{"total":33,"covered":33,"skipped":0,"pct":100},"statements":{"total":891,"covered":842,"skipped":0,"pct":94.5},"branches":{"total":106,"covered":59,"skipped":0,"pct":55.66}}
,"C:\\Users\\Arindam Chakraborty\\Lifeseed\\lifeseed-app\\src\\lib\\leads\\domain\\state-machine\\types.ts": {"lines":{"total":9,"covered":9,"skipped":0,"pct":100},"functions":{"total":0,"covered":0,"skipped":0,"pct":100},"statements":{"total":9,"covered":9,"skipped":0,"pct":100},"branches":{"total":0,"covered":0,"skipped":0,"pct":100}}
,"C:\\Users\\Arindam Chakraborty\\Lifeseed\\lifeseed-app\\src\\lib\\leads\\domain\\value-objects\\ArchiveMeta.ts": {"lines":{"total":7,"covered":7,"skipped":0,"pct":100},"functions":{"total":1,"covered":1,"skipped":0,"pct":100},"statements":{"total":7,"covered":7,"skipped":0,"pct":100},"branches":{"total":1,"covered":1,"skipped":0,"pct":100}}
,"C:\\Users\\Arindam Chakraborty\\Lifeseed\\lifeseed-app\\src\\lib\\leads\\domain\\value-objects\\AttributionTouch.ts": {"lines":{"total":13,"covered":13,"skipped":0,"pct":100},"functions":{"total":1,"covered":1,"skipped":0,"pct":100},"statements":{"total":13,"covered":13,"skipped":0,"pct":100},"branches":{"total":1,"covered":1,"skipped":0,"pct":100}}
,"C:\\Users\\Arindam Chakraborty\\Lifeseed\\lifeseed-app\\src\\lib\\leads\\domain\\value-objects\\Consent.ts": {"lines":{"total":10,"covered":10,"skipped":0,"pct":100},"functions":{"total":1,"covered":1,"skipped":0,"pct":100},"statements":{"total":10,"covered":10,"skipped":0,"pct":100},"branches":{"total":1,"covered":1,"skipped":0,"pct":100}}
,"C:\\Users\\Arindam Chakraborty\\Lifeseed\\lifeseed-app\\src\\lib\\leads\\domain\\value-objects\\ContactInfo.ts": {"lines":{"total":11,"covered":11,"skipped":0,"pct":100},"functions":{"total":1,"covered":1,"skipped":0,"pct":100},"statements":{"total":11,"covered":11,"skipped":0,"pct":100},"branches":{"total":1,"covered":1,"skipped":0,"pct":100}}
,"C:\\Users\\Arindam Chakraborty\\Lifeseed\\lifeseed-app\\src\\lib\\leads\\domain\\value-objects\\LeadCode.ts": {"lines":{"total":24,"covered":24,"skipped":0,"pct":100},"functions":{"total":4,"covered":4,"skipped":0,"pct":100},"statements":{"total":24,"covered":24,"skipped":0,"pct":100},"branches":{"total":6,"covered":6,"skipped":0,"pct":100}}
,"C:\\Users\\Arindam Chakraborty\\Lifeseed\\lifeseed-app\\src\\lib\\leads\\domain\\value-objects\\TierScore.ts": {"lines":{"total":15,"covered":11,"skipped":0,"pct":73.33},"functions":{"total":1,"covered":1,"skipped":0,"pct":100},"statements":{"total":15,"covered":11,"skipped":0,"pct":73.33},"branches":{"total":2,"covered":1,"skipped":0,"pct":50}}
}
